<?xml version="1.0" encoding="UTF-8"?>
<!-- Generated by org.testng.reporters.JUnitReportReporter -->
<testsuite hostname="LAPTOP-N04MRAN0" failures="0" tests="2" name="com.example.mavensample.Test01_GET" time="0.758" errors="0" timestamp="2021-04-17T18:35:28 IST" skipped="0">
  <testcase classname="com.example.mavensample.Test01_GET" name="test_02" time="0.406"/>
  <system-out/>
  <testcase classname="com.example.mavensample.Test01_GET" name="test_01" time="0.352"/>
  <system-out/>
</testsuite> <!-- com.example.mavensample.Test01_GET -->
